1                                                            SAS 系统            2021年 5月26日 星期三 下午01时13分00秒

NOTE: 无法打开 SASUSER.REGSTRY。系统将改为打开 WORK.REGSTRY。
NOTE: 所有注册表的更改将在会话结束后丢失。

WARNING: 无法将 SASUSER 注册表复制到 WORK 注册表中。因此在该会话过程中，
         您不会看到注册表定制情况。
ERROR: 期望第 1 页，而得到的是第 -1 页。
ERROR: 读取“SASUSER.PROFILE.CATALOG”时发生页面验证错误。
NOTE: 无法打开 SASUSER.PROFILE。系统将改为打开 WORK.PROFILE。
NOTE: 所有配置文件的更改将在会话结束后丢失。
NOTE: Copyright (c) 2016 by SAS Institute Inc., Cary, NC, USA. 
NOTE: SAS (r) Proprietary Software 9.4 (TS1M6 MBCS3170) 
      Licensed to CNAM LICENCE CAMPUS, Site 70159246.
NOTE: 该会话正在平台 X64_10HOME  上执行。



NOTE: Analytical products:
      
      SAS/STAT 15.1
      SAS/ETS 15.1
      SAS/IML 15.1
      SAS/QC 15.1

NOTE: Additional host information:

 X64_10HOME WIN 10.0.19041  Workstation

NOTE: “SAS 初始化”所用时间:
      实际时间          0.46 秒
      CPU 时间          0.38 秒
      
1          %include "D:\SASShare\Data\github\Learning-Implementing-cdisc-using-SAS-\Program\common.sas";
NOTE: 已成功分配逻辑库引用名“SOURCE”，如下所示: 
       引擎:        V9 
       物理名: D:\SASShare\Data\github\Learning-Implementing-cdisc-using-SAS-\Program
NOTE: 逻辑库引用名 DATA 引用了与 SOURCE 相同的物理逻辑库。
NOTE: 已成功分配逻辑库引用名“DATA”，如下所示: 
       引擎:        V9 
       物理名: D:\SASShare\Data\github\Learning-Implementing-cdisc-using-SAS-\Program
NOTE: 逻辑库引用名 LIBRARY 引用了与 DATA 相同的物理逻辑库。
NOTE: 已成功分配逻辑库引用名“LIBRARY”，如下所示: 
       引擎:        V9 
       物理名: D:\SASShare\Data\github\Learning-Implementing-cdisc-using-SAS-\Program
NOTE: 逻辑库引用名 TARGET 引用了与 LIBRARY 相同的物理逻辑库。
NOTE: 已成功分配逻辑库引用名“TARGET”，如下所示: 
       引擎:        V9 
       物理名: D:\SASShare\Data\github\Learning-Implementing-cdisc-using-SAS-\Program
6          
7          data source.dosing;
8          	label 	subject="Subject Number"
9          			startdt="Dosing start date"
10         			enddt="Dosing end date"
11         			dailydose="Daily dose taken(pills)"
12         			uniqueid="Company Wide Subject 	ID"
13         			startmm="Month of Start Dose"
14         			startdd="Day of Start Dose"
15         			startyy="Year of Start Dose"
16         			endmm="Month of End Dose"
2                                                            SAS 系统            2021年 5月26日 星期三 下午01时13分00秒

17         			enddd="Day of End Dose"
18         			endyy="Year of End Dose";
19         	input 	subject 1-3 startmm 5-6 startdd 8-9 startyy 11-14
20         			endmm 16-17 enddd 19-20 endyy 22-25 dailydose 27;
21         	uniqueid="UNI"||put(subject,3.);
22         	/*生成UNI101、UNI102、UNI103格式的值。*/
23         	
24         	startdt=mdy(startmm,startdd,startyy);
25         	/*从给定的月、日、年返回一个SAS日期。
26         	语法：MDY(month, day, year) */
27         	
28         	enddt=mdy(endmm,enddd,endyy);
29         	format startdt enddt mmddyy10.;
30         	/*将format和变量关联起来。
31         	语法：FORMAT variable-1 <...variable-n> <format> <DEFAULT=default-format>; */
32         	datalines;

NOTE: 缺失值的生成是对缺失值执行操作的结果。 
      指定每个位置的方式: （次数）（行:列）。
      1 次，位于 24:10   1 次，位于 28:8    
NOTE: 数据集 SOURCE.DOSING 有 84 个观测和 11 个变量。
NOTE: “DATA 语句”所用时间（总处理时间）:
      实际时间          0.07 秒
      CPU 时间          0.07 秒
      

117        ;
118        run;
119        proc contents;
120        run;

NOTE: “PROCEDURE CONTENTS”所用时间（总处理时间）:
      实际时间          0.13 秒
      CPU 时间          0.11 秒
      
NOTE: PROCEDURE CONTENTS 已打印第 1 页。

ERROR: 打印以下页时出错: 1.

NOTE: SAS Institute Inc., SAS Campus Drive, Cary, NC USA 27513-2414
NOTE: “SAS 系统”所用时间:
      实际时间          0.76 秒
      CPU 时间          0.64 秒
      
